#! /usr/bin/vvp
:ivl_version "11.0 (stable)";
:ivl_delay_selection "TYPICAL";
:vpi_time_precision + 0;
:vpi_module "/usr/lib/x86_64-linux-gnu/ivl/system.vpi";
:vpi_module "/usr/lib/x86_64-linux-gnu/ivl/vhdl_sys.vpi";
:vpi_module "/usr/lib/x86_64-linux-gnu/ivl/vhdl_textio.vpi";
:vpi_module "/usr/lib/x86_64-linux-gnu/ivl/v2005_math.vpi";
:vpi_module "/usr/lib/x86_64-linux-gnu/ivl/va_math.vpi";
S_0x55ecc195dde0 .scope module, "sfifo" "sfifo" 2 11;
 .timescale 0 0;
    .port_info 0 /INPUT 1 "clk";
    .port_info 1 /INPUT 1 "rst";
    .port_info 2 /INPUT 1 "wr";
    .port_info 3 /INPUT 16 "din";
    .port_info 4 /OUTPUT 1 "full";
    .port_info 5 /OUTPUT 1 "ovfl";
    .port_info 6 /INPUT 1 "rd";
    .port_info 7 /OUTPUT 16 "dout";
    .port_info 8 /OUTPUT 1 "empty";
    .port_info 9 /OUTPUT 1 "udfl";
o0x7fcce3ec6018 .functor BUFZ 1, C4<z>; HiZ drive
v0x55ecc195fba0_0 .net "clk", 0 0, o0x7fcce3ec6018;  0 drivers
o0x7fcce3ec6048 .functor BUFZ 16, C4<zzzzzzzzzzzzzzzz>; HiZ drive
v0x55ecc1984f30_0 .net "din", 15 0, o0x7fcce3ec6048;  0 drivers
v0x55ecc1985a20_0 .var "dout", 15 0;
v0x55ecc1985af0_0 .var "empty", 0 0;
v0x55ecc1986600_0 .var "full", 0 0;
v0x55ecc19866d0 .array "mem", 0 63, 15 0;
v0x55ecc1988250_0 .var "ovfl", 0 0;
o0x7fcce3ec6138 .functor BUFZ 1, C4<z>; HiZ drive
v0x55ecc19b9af0_0 .net "rd", 0 0, o0x7fcce3ec6138;  0 drivers
v0x55ecc19b9bb0_0 .var "rd_cycle", 0 0;
v0x55ecc19b9c70_0 .var "rd_ptr", 5 0;
o0x7fcce3ec61c8 .functor BUFZ 1, C4<z>; HiZ drive
v0x55ecc19b9d50_0 .net "rst", 0 0, o0x7fcce3ec61c8;  0 drivers
v0x55ecc19b9e10_0 .var "udfl", 0 0;
o0x7fcce3ec6228 .functor BUFZ 1, C4<z>; HiZ drive
v0x55ecc19b9ed0_0 .net "wr", 0 0, o0x7fcce3ec6228;  0 drivers
v0x55ecc19b9f90_0 .var "wr_cycle", 0 0;
v0x55ecc19ba050_0 .var "wr_ptr", 5 0;
E_0x55ecc1998480/0 .event negedge, v0x55ecc19b9d50_0;
E_0x55ecc1998480/1 .event posedge, v0x55ecc195fba0_0;
E_0x55ecc1998480 .event/or E_0x55ecc1998480/0, E_0x55ecc1998480/1;
E_0x55ecc19819b0 .event edge, v0x55ecc19b9c70_0, v0x55ecc19ba050_0, v0x55ecc19b9bb0_0, v0x55ecc19b9f90_0;
E_0x55ecc19893c0 .event edge, v0x55ecc19b9af0_0, v0x55ecc1985af0_0;
E_0x55ecc1989400 .event edge, v0x55ecc19b9ed0_0, v0x55ecc1986600_0;
    .scope S_0x55ecc195dde0;
T_0 ;
    %wait E_0x55ecc1998480;
    %load/vec4 v0x55ecc19b9d50_0;
    %cmpi/e 0, 0, 1;
    %jmp/0xz  T_0.0, 4;
    %pushi/vec4 0, 0, 6;
    %assign/vec4 v0x55ecc19b9c70_0, 0;
    %jmp T_0.1;
T_0.0 ;
    %load/vec4 v0x55ecc19b9af0_0;
    %pushi/vec4 1, 0, 1;
    %cmp/e;
    %flag_get/vec4 4;
    %load/vec4 v0x55ecc1985af0_0;
    %pushi/vec4 0, 0, 1;
    %cmp/e;
    %flag_get/vec4 4;
    %and;
    %flag_set/vec4 8;
    %jmp/0xz  T_0.2, 8;
    %load/vec4 v0x55ecc19b9c70_0;
    %addi 1, 0, 6;
    %assign/vec4 v0x55ecc19b9c70_0, 0;
T_0.2 ;
T_0.1 ;
    %jmp T_0;
    .thread T_0;
    .scope S_0x55ecc195dde0;
T_1 ;
    %wait E_0x55ecc1998480;
    %load/vec4 v0x55ecc19b9d50_0;
    %cmpi/e 0, 0, 1;
    %jmp/0xz  T_1.0, 4;
    %pushi/vec4 0, 0, 6;
    %assign/vec4 v0x55ecc19ba050_0, 0;
    %jmp T_1.1;
T_1.0 ;
    %load/vec4 v0x55ecc19b9ed0_0;
    %pushi/vec4 1, 0, 1;
    %cmp/e;
    %flag_get/vec4 4;
    %load/vec4 v0x55ecc1986600_0;
    %pushi/vec4 0, 0, 1;
    %cmp/e;
    %flag_get/vec4 4;
    %and;
    %flag_set/vec4 8;
    %jmp/0xz  T_1.2, 8;
    %load/vec4 v0x55ecc19ba050_0;
    %addi 1, 0, 6;
    %assign/vec4 v0x55ecc19ba050_0, 0;
T_1.2 ;
T_1.1 ;
    %jmp T_1;
    .thread T_1;
    .scope S_0x55ecc195dde0;
T_2 ;
    %wait E_0x55ecc1998480;
    %load/vec4 v0x55ecc19b9d50_0;
    %cmpi/e 0, 0, 1;
    %jmp/0xz  T_2.0, 4;
    %pushi/vec4 0, 0, 1;
    %assign/vec4 v0x55ecc19b9bb0_0, 0;
    %jmp T_2.1;
T_2.0 ;
    %load/vec4 v0x55ecc19b9c70_0;
    %pushi/vec4 63, 0, 6;
    %cmp/e;
    %flag_get/vec4 4;
    %load/vec4 v0x55ecc19b9af0_0;
    %pushi/vec4 1, 0, 1;
    %cmp/e;
    %flag_get/vec4 4;
    %and;
    %load/vec4 v0x55ecc1985af0_0;
    %pushi/vec4 0, 0, 1;
    %cmp/e;
    %flag_get/vec4 4;
    %and;
    %flag_set/vec4 8;
    %jmp/0xz  T_2.2, 8;
    %load/vec4 v0x55ecc19b9bb0_0;
    %addi 1, 0, 1;
    %assign/vec4 v0x55ecc19b9bb0_0, 0;
T_2.2 ;
T_2.1 ;
    %jmp T_2;
    .thread T_2;
    .scope S_0x55ecc195dde0;
T_3 ;
    %wait E_0x55ecc1998480;
    %load/vec4 v0x55ecc19b9d50_0;
    %cmpi/e 0, 0, 1;
    %jmp/0xz  T_3.0, 4;
    %pushi/vec4 0, 0, 1;
    %assign/vec4 v0x55ecc19b9f90_0, 0;
    %jmp T_3.1;
T_3.0 ;
    %load/vec4 v0x55ecc19ba050_0;
    %pushi/vec4 63, 0, 6;
    %cmp/e;
    %flag_get/vec4 4;
    %load/vec4 v0x55ecc19b9ed0_0;
    %pushi/vec4 1, 0, 1;
    %cmp/e;
    %flag_get/vec4 4;
    %and;
    %load/vec4 v0x55ecc1986600_0;
    %pushi/vec4 0, 0, 1;
    %cmp/e;
    %flag_get/vec4 4;
    %and;
    %flag_set/vec4 8;
    %jmp/0xz  T_3.2, 8;
    %load/vec4 v0x55ecc19b9f90_0;
    %addi 1, 0, 1;
    %assign/vec4 v0x55ecc19b9f90_0, 0;
T_3.2 ;
T_3.1 ;
    %jmp T_3;
    .thread T_3;
    .scope S_0x55ecc195dde0;
T_4 ;
    %wait E_0x55ecc1989400;
    %load/vec4 v0x55ecc19b9ed0_0;
    %load/vec4 v0x55ecc1986600_0;
    %pushi/vec4 1, 0, 1;
    %cmp/e;
    %flag_get/vec4 4;
    %and;
    %flag_set/vec4 8;
    %jmp/0xz  T_4.0, 8;
    %pushi/vec4 1, 0, 1;
    %assign/vec4 v0x55ecc1988250_0, 0;
    %jmp T_4.1;
T_4.0 ;
    %pushi/vec4 0, 0, 1;
    %assign/vec4 v0x55ecc1988250_0, 0;
T_4.1 ;
    %jmp T_4;
    .thread T_4, $push;
    .scope S_0x55ecc195dde0;
T_5 ;
    %wait E_0x55ecc19893c0;
    %load/vec4 v0x55ecc19b9af0_0;
    %load/vec4 v0x55ecc1985af0_0;
    %pushi/vec4 1, 0, 1;
    %cmp/e;
    %flag_get/vec4 4;
    %and;
    %flag_set/vec4 8;
    %jmp/0xz  T_5.0, 8;
    %pushi/vec4 1, 0, 1;
    %assign/vec4 v0x55ecc19b9e10_0, 0;
    %jmp T_5.1;
T_5.0 ;
    %pushi/vec4 0, 0, 1;
    %assign/vec4 v0x55ecc19b9e10_0, 0;
T_5.1 ;
    %jmp T_5;
    .thread T_5, $push;
    .scope S_0x55ecc195dde0;
T_6 ;
    %wait E_0x55ecc19819b0;
    %load/vec4 v0x55ecc19b9c70_0;
    %load/vec4 v0x55ecc19ba050_0;
    %cmp/e;
    %flag_get/vec4 4;
    %load/vec4 v0x55ecc19b9bb0_0;
    %load/vec4 v0x55ecc19b9f90_0;
    %pushi/vec4 1, 0, 1;
    %cmp/e;
    %flag_get/vec4 4;
    %xor;
    %and;
    %flag_set/vec4 8;
    %jmp/0xz  T_6.0, 8;
    %pushi/vec4 1, 0, 1;
    %assign/vec4 v0x55ecc1986600_0, 0;
    %jmp T_6.1;
T_6.0 ;
    %pushi/vec4 0, 0, 1;
    %assign/vec4 v0x55ecc1986600_0, 0;
T_6.1 ;
    %jmp T_6;
    .thread T_6, $push;
    .scope S_0x55ecc195dde0;
T_7 ;
    %wait E_0x55ecc19819b0;
    %load/vec4 v0x55ecc19b9c70_0;
    %load/vec4 v0x55ecc19ba050_0;
    %cmp/e;
    %flag_get/vec4 4;
    %load/vec4 v0x55ecc19b9bb0_0;
    %load/vec4 v0x55ecc19b9f90_0;
    %pushi/vec4 0, 0, 1;
    %cmp/e;
    %flag_get/vec4 4;
    %xor;
    %and;
    %flag_set/vec4 8;
    %jmp/0xz  T_7.0, 8;
    %pushi/vec4 1, 0, 1;
    %assign/vec4 v0x55ecc1985af0_0, 0;
    %jmp T_7.1;
T_7.0 ;
    %pushi/vec4 0, 0, 1;
    %assign/vec4 v0x55ecc1985af0_0, 0;
T_7.1 ;
    %jmp T_7;
    .thread T_7, $push;
    .scope S_0x55ecc195dde0;
T_8 ;
    %wait E_0x55ecc1998480;
    %load/vec4 v0x55ecc19b9d50_0;
    %cmpi/e 0, 0, 1;
    %jmp/0xz  T_8.0, 4;
    %jmp T_8.1;
T_8.0 ;
    %load/vec4 v0x55ecc19b9af0_0;
    %pushi/vec4 1, 0, 1;
    %cmp/e;
    %flag_get/vec4 4;
    %load/vec4 v0x55ecc1985af0_0;
    %pushi/vec4 0, 0, 1;
    %cmp/e;
    %flag_get/vec4 4;
    %and;
    %flag_set/vec4 8;
    %jmp/0xz  T_8.2, 8;
    %load/vec4 v0x55ecc19b9c70_0;
    %pad/u 8;
    %ix/vec4 4;
    %load/vec4a v0x55ecc19866d0, 4;
    %assign/vec4 v0x55ecc1985a20_0, 0;
    %jmp T_8.3;
T_8.2 ;
    %load/vec4 v0x55ecc19b9ed0_0;
    %pushi/vec4 1, 0, 1;
    %cmp/e;
    %flag_get/vec4 4;
    %load/vec4 v0x55ecc1986600_0;
    %pushi/vec4 0, 0, 1;
    %cmp/e;
    %flag_get/vec4 4;
    %and;
    %flag_set/vec4 8;
    %jmp/0xz  T_8.4, 8;
    %load/vec4 v0x55ecc1984f30_0;
    %load/vec4 v0x55ecc19ba050_0;
    %pad/u 8;
    %ix/vec4 3;
    %ix/load 4, 0, 0; Constant delay
    %assign/vec4/a/d v0x55ecc19866d0, 0, 4;
T_8.4 ;
T_8.3 ;
T_8.1 ;
    %jmp T_8;
    .thread T_8;
# The file index is used to find the file name in the following table.
:file_names 3;
    "N/A";
    "<interactive>";
    "sfifo.v";
