#! /usr/bin/vvp
:ivl_version "11.0 (stable)";
:ivl_delay_selection "TYPICAL";
:vpi_time_precision + 0;
:vpi_module "/usr/lib/x86_64-linux-gnu/ivl/system.vpi";
:vpi_module "/usr/lib/x86_64-linux-gnu/ivl/vhdl_sys.vpi";
:vpi_module "/usr/lib/x86_64-linux-gnu/ivl/vhdl_textio.vpi";
:vpi_module "/usr/lib/x86_64-linux-gnu/ivl/v2005_math.vpi";
:vpi_module "/usr/lib/x86_64-linux-gnu/ivl/va_math.vpi";
S_0x56098bcb9300 .scope module, "sfifo_rw_tst" "sfifo_rw_tst" 2 5;
 .timescale 0 0;
v0x56098bcba970_0 .var/i "i", 31 0;
S_0x56098bcb9db0 .scope module, "sfifo_sim" "sfifo_sim" 3 9;
 .timescale 0 0;
P_0x56098bcedd20 .param/l "t_clk_high" 0 4 10, +C4<00000000000000000000000000000101>;
P_0x56098bcedd60 .param/l "t_clk_low" 0 4 9, +C4<00000000000000000000000000000101>;
P_0x56098bcedda0 .param/real "t_cq" 0 4 13, Cr<m6000000000000000gfc2>; value=1.50000
P_0x56098bcedde0 .param/real "t_h" 0 4 12, Cr<m4000000000000000gfc2>; value=1.00000
P_0x56098bcede20 .param/real "t_s" 0 4 11, Cr<m4000000000000000gfc3>; value=2.00000
v0x56098bd0ec80_0 .var "checker_was_enabled", 0 0;
v0x56098bd0ed60_0 .var "chk_en", 0 0;
v0x56098bd0ee20_0 .var "chk_en_d", 0 0;
v0x56098bd0eec0_0 .var "chk_en_d2", 0 0;
v0x56098bd0ef80_0 .var "clk", 0 0;
v0x56098bd0f070_0 .var "din", 15 0;
v0x56098bd0f110_0 .net "dout", 15 0, v0x56098bcb6fb0_0;  1 drivers
v0x56098bd0f1b0_0 .net "empty", 0 0, v0x56098bd0dd40_0;  1 drivers
v0x56098bd0f280_0 .var "empty_d", 0 0;
v0x56098bd0f320_0 .net "full", 0 0, v0x56098bd0de50_0;  1 drivers
v0x56098bd0f3f0_0 .var "ok_to_read", 0 0;
v0x56098bd0f490_0 .net "ovfl", 0 0, v0x56098bd0dfd0_0;  1 drivers
v0x56098bd0f560_0 .var "r_en", 0 0;
v0x56098bd0f630_0 .var/i "rd_count", 31 0;
v0x56098bd0f6d0_0 .var "rd_en_d", 0 0;
v0x56098bd0f770_0 .var "rd_vld", 0 0;
v0x56098bd0f830_0 .var "rst", 0 0;
v0x56098bd0f900 .array "scf_mem", 127 0, 15 0;
v0x56098bd0f9a0_0 .var "scf_rptr", 6 0;
v0x56098bd0fa80_0 .var "scf_wcnt", 7 0;
v0x56098bd0fb60_0 .var "scf_wptr", 6 0;
v0x56098bd0fc40_0 .net "udfl", 0 0, v0x56098bd0e470_0;  1 drivers
v0x56098bd0fd10_0 .var "w_en", 0 0;
v0x56098bd0fde0_0 .var/i "wr_count", 31 0;
E_0x56098bcc1d40 .event "wr_event";
E_0x56098bcc39d0 .event "setup_event";
E_0x56098bcaa9b0 .event "rd_event";
E_0x56098bcef410 .event "error_event";
S_0x56098bd0cf50 .scope task, "delay" "delay" 5 36, 5 36 0, S_0x56098bcb9db0;
 .timescale 0 0;
v0x56098bcbaa40_0 .var "clks", 31 0;
E_0x56098bcef5d0 .event posedge, v0x56098bcbb620_0;
TD_sfifo_sim.delay ;
    %load/vec4 v0x56098bcbaa40_0;
T_0.0 %dup/vec4;
    %pushi/vec4 0, 0, 32;
    %cmp/u;
    %jmp/1 T_0.1, 4;
    %pushi/vec4 1, 0, 32;
    %sub;
    %wait E_0x56098bcef5d0;
    %jmp T_0.0;
T_0.1 ;
    %pop/vec4 1;
    %end;
S_0x56098bd0d1f0 .scope task, "endsim" "endsim" 5 94, 5 94 0, S_0x56098bcb9db0;
 .timescale 0 0;
TD_sfifo_sim.endsim ;
    %load/vec4 v0x56098bd0f630_0;
    %load/vec4 v0x56098bd0fde0_0;
    %cmp/ne;
    %jmp/0xz  T_1.2, 6;
    %load/vec4 v0x56098bd0ec80_0;
    %flag_set/vec4 8;
    %jmp/0xz  T_1.4, 8;
    %vpi_call 5 100 "$display", "At time %0t: Error: Written and Read data word count mismatch", $time {0 0 0};
    %vpi_call 5 102 "$display", "             Data words read = %0d, Data words written = %0d.\012", v0x56098bd0f630_0, v0x56098bd0fde0_0 {0 0 0};
    %event E_0x56098bcef410;
T_1.4 ;
T_1.2 ;
    %vpi_call 5 107 "$finish" {0 0 0};
    %end;
S_0x56098bd0d3f0 .scope task, "fifo_chk_en" "fifo_chk_en" 5 79, 5 79 0, S_0x56098bcb9db0;
 .timescale 0 0;
v0x56098bcbb550_0 .var "en", 0 0;
TD_sfifo_sim.fifo_chk_en ;
    %load/vec4 v0x56098bcbb550_0;
    %store/vec4 v0x56098bd0ed60_0, 0, 1;
    %load/vec4 v0x56098bcbb550_0;
    %cmpi/e 1, 0, 1;
    %jmp/0xz  T_2.6, 4;
    %pushi/vec4 1, 0, 1;
    %store/vec4 v0x56098bd0ec80_0, 0, 1;
T_2.6 ;
    %end;
S_0x56098bd0d5d0 .scope task, "init" "init" 5 14, 5 14 0, S_0x56098bcb9db0;
 .timescale 0 0;
TD_sfifo_sim.init ;
    %pushi/vec4 0, 0, 32;
    %store/vec4 v0x56098bd0f630_0, 0, 32;
    %pushi/vec4 0, 0, 32;
    %store/vec4 v0x56098bd0fde0_0, 0, 32;
    %pushi/vec4 0, 0, 1;
    %assign/vec4 v0x56098bd0fd10_0, 0;
    %pushi/vec4 0, 0, 1;
    %assign/vec4 v0x56098bd0f560_0, 0;
    %pushi/vec4 0, 0, 1;
    %store/vec4 v0x56098bd0ec80_0, 0, 1;
    %wait E_0x56098bcc39d0;
    %pushi/vec4 0, 0, 1;
    %assign/vec4 v0x56098bd0f830_0, 0;
    %pushi/vec4 4, 0, 32;
T_3.8 %dup/vec4;
    %pushi/vec4 0, 0, 32;
    %cmp/s;
    %jmp/1xz T_3.9, 5;
    %jmp/1 T_3.9, 4;
    %pushi/vec4 1, 0, 32;
    %sub;
    %wait E_0x56098bcef5d0;
    %jmp T_3.8;
T_3.9 ;
    %pop/vec4 1;
    %delay 1, 0;
    %pushi/vec4 1, 0, 1;
    %assign/vec4 v0x56098bd0f830_0, 0;
    %wait E_0x56098bcef5d0;
    %end;
S_0x56098bd0d7b0 .scope module, "u1_sfifo" "sfifo" 3 206, 6 11 0, S_0x56098bcb9db0;
 .timescale 0 0;
    .port_info 0 /INPUT 1 "clk";
    .port_info 1 /INPUT 1 "rst";
    .port_info 2 /INPUT 1 "wr_in";
    .port_info 3 /INPUT 16 "din_in";
    .port_info 4 /OUTPUT 1 "full";
    .port_info 5 /OUTPUT 1 "ovfl";
    .port_info 6 /INPUT 1 "rd_in";
    .port_info 7 /OUTPUT 16 "dout";
    .port_info 8 /OUTPUT 1 "empty";
    .port_info 9 /OUTPUT 1 "udfl";
v0x56098bcbb620_0 .net "clk", 0 0, v0x56098bd0ef80_0;  1 drivers
v0x56098bcbd200_0 .var "din", 15 0;
v0x56098bcb6a80_0 .net "din_in", 15 0, v0x56098bd0f070_0;  1 drivers
v0x56098bcb6fb0_0 .var "dout", 15 0;
v0x56098bd0dd40_0 .var "empty", 0 0;
v0x56098bd0de50_0 .var "full", 0 0;
v0x56098bd0df10 .array "mem", 0 63, 15 0;
v0x56098bd0dfd0_0 .var "ovfl", 0 0;
v0x56098bd0e090_0 .var "rd", 0 0;
v0x56098bd0e150_0 .var "rd_cycle", 0 0;
v0x56098bd0e210_0 .net "rd_in", 0 0, v0x56098bd0f560_0;  1 drivers
v0x56098bd0e2d0_0 .var "rd_ptr", 5 0;
v0x56098bd0e3b0_0 .net "rst", 0 0, v0x56098bd0f830_0;  1 drivers
v0x56098bd0e470_0 .var "udfl", 0 0;
v0x56098bd0e530_0 .var "wr", 0 0;
v0x56098bd0e5f0_0 .var "wr_cycle", 0 0;
v0x56098bd0e6b0_0 .net "wr_in", 0 0, v0x56098bd0fd10_0;  1 drivers
v0x56098bd0e770_0 .var "wr_ptr", 5 0;
E_0x56098bcef610/0 .event negedge, v0x56098bd0e3b0_0;
E_0x56098bcef610/1 .event posedge, v0x56098bcbb620_0;
E_0x56098bcef610 .event/or E_0x56098bcef610/0, E_0x56098bcef610/1;
E_0x56098bd0db20 .event edge, v0x56098bd0e2d0_0, v0x56098bd0e770_0, v0x56098bd0e150_0, v0x56098bd0e5f0_0;
E_0x56098bd0db90 .event edge, v0x56098bd0e090_0, v0x56098bd0dd40_0;
E_0x56098bd0dbf0 .event edge, v0x56098bd0e530_0, v0x56098bd0de50_0;
S_0x56098bd0e9f0 .scope task, "wrfifo" "wrfifo" 5 48, 5 48 0, S_0x56098bcb9db0;
 .timescale 0 0;
v0x56098bd0eb80_0 .var "wrdata", 7 0;
TD_sfifo_sim.wrfifo ;
    %wait E_0x56098bcc39d0;
    %pushi/vec4 1, 0, 1;
    %store/vec4 v0x56098bd0fd10_0, 0, 1;
    %load/vec4 v0x56098bd0eb80_0;
    %pad/u 16;
    %store/vec4 v0x56098bd0f070_0, 0, 16;
    %wait E_0x56098bcef5d0;
    %load/vec4 v0x56098bd0eb80_0;
    %pad/u 16;
    %load/vec4 v0x56098bd0fb60_0;
    %pad/u 9;
    %ix/vec4 4;
    %store/vec4a v0x56098bd0f900, 4, 0;
    %load/vec4 v0x56098bd0fb60_0;
    %cmpi/e 127, 0, 7;
    %jmp/0xz  T_4.10, 4;
    %pushi/vec4 0, 0, 7;
    %store/vec4 v0x56098bd0fb60_0, 0, 7;
    %jmp T_4.11;
T_4.10 ;
    %load/vec4 v0x56098bd0fb60_0;
    %addi 1, 0, 7;
    %store/vec4 v0x56098bd0fb60_0, 0, 7;
T_4.11 ;
    %event E_0x56098bcc1d40;
    %load/vec4 v0x56098bd0fde0_0;
    %addi 1, 0, 32;
    %store/vec4 v0x56098bd0fde0_0, 0, 32;
    %delay 1, 0;
    %pushi/vec4 0, 0, 1;
    %store/vec4 v0x56098bd0fd10_0, 0, 1;
    %pushi/vec4 255, 255, 16;
    %store/vec4 v0x56098bd0f070_0, 0, 16;
    %end;
    .scope S_0x56098bcb9300;
T_5 ;
    %vpi_call 2 11 "$dumpvars" {0 0 0};
    %fork TD_sfifo_sim.init, S_0x56098bd0d5d0;
    %join;
    %pushi/vec4 1, 0, 1;
    %store/vec4 v0x56098bcbb550_0, 0, 1;
    %fork TD_sfifo_sim.fifo_chk_en, S_0x56098bd0d3f0;
    %join;
    %pushi/vec4 0, 0, 32;
    %store/vec4 v0x56098bcba970_0, 0, 32;
T_5.0 ;
    %load/vec4 v0x56098bcba970_0;
    %cmpi/s 5, 0, 32;
    %jmp/0xz T_5.1, 5;
    %vpi_func 2 22 "$random" 32 {0 0 0};
    %pad/s 8;
    %store/vec4 v0x56098bd0eb80_0, 0, 8;
    %fork TD_sfifo_sim.wrfifo, S_0x56098bd0e9f0;
    %join;
    %load/vec4 v0x56098bcba970_0;
    %addi 1, 0, 32;
    %store/vec4 v0x56098bcba970_0, 0, 32;
    %jmp T_5.0;
T_5.1 ;
    %pushi/vec4 0, 0, 1;
    %store/vec4 v0x56098bcbb550_0, 0, 1;
    %fork TD_sfifo_sim.fifo_chk_en, S_0x56098bd0d3f0;
    %join;
    %pushi/vec4 5, 0, 32;
    %store/vec4 v0x56098bcbaa40_0, 0, 32;
    %fork TD_sfifo_sim.delay, S_0x56098bd0cf50;
    %join;
    %pushi/vec4 1, 0, 1;
    %store/vec4 v0x56098bcbb550_0, 0, 1;
    %fork TD_sfifo_sim.fifo_chk_en, S_0x56098bd0d3f0;
    %join;
    %vpi_func 2 33 "$random" 32 {0 0 0};
    %pad/s 8;
    %store/vec4 v0x56098bd0eb80_0, 0, 8;
    %fork TD_sfifo_sim.wrfifo, S_0x56098bd0e9f0;
    %join;
    %pushi/vec4 20, 0, 32;
    %store/vec4 v0x56098bcbaa40_0, 0, 32;
    %fork TD_sfifo_sim.delay, S_0x56098bd0cf50;
    %join;
    %fork TD_sfifo_sim.endsim, S_0x56098bd0d1f0;
    %join;
    %end;
    .thread T_5;
    .scope S_0x56098bd0d7b0;
T_6 ;
    %wait E_0x56098bcef610;
    %load/vec4 v0x56098bd0e3b0_0;
    %cmpi/e 0, 0, 1;
    %jmp/0xz  T_6.0, 4;
    %jmp T_6.1;
T_6.0 ;
    %load/vec4 v0x56098bd0e6b0_0;
    %assign/vec4 v0x56098bd0e530_0, 0;
    %load/vec4 v0x56098bcb6a80_0;
    %assign/vec4 v0x56098bcbd200_0, 0;
    %load/vec4 v0x56098bd0e210_0;
    %assign/vec4 v0x56098bd0e090_0, 0;
T_6.1 ;
    %jmp T_6;
    .thread T_6;
    .scope S_0x56098bd0d7b0;
T_7 ;
    %wait E_0x56098bcef610;
    %load/vec4 v0x56098bd0e3b0_0;
    %cmpi/e 0, 0, 1;
    %jmp/0xz  T_7.0, 4;
    %pushi/vec4 0, 0, 6;
    %assign/vec4 v0x56098bd0e2d0_0, 0;
    %jmp T_7.1;
T_7.0 ;
    %load/vec4 v0x56098bd0e090_0;
    %pushi/vec4 1, 0, 1;
    %cmp/e;
    %flag_get/vec4 4;
    %load/vec4 v0x56098bd0dd40_0;
    %pushi/vec4 0, 0, 1;
    %cmp/e;
    %flag_get/vec4 4;
    %and;
    %flag_set/vec4 8;
    %jmp/0xz  T_7.2, 8;
    %load/vec4 v0x56098bd0e2d0_0;
    %addi 1, 0, 6;
    %assign/vec4 v0x56098bd0e2d0_0, 0;
T_7.2 ;
T_7.1 ;
    %jmp T_7;
    .thread T_7;
    .scope S_0x56098bd0d7b0;
T_8 ;
    %wait E_0x56098bcef610;
    %load/vec4 v0x56098bd0e3b0_0;
    %cmpi/e 0, 0, 1;
    %jmp/0xz  T_8.0, 4;
    %pushi/vec4 0, 0, 6;
    %assign/vec4 v0x56098bd0e770_0, 0;
    %jmp T_8.1;
T_8.0 ;
    %load/vec4 v0x56098bd0e530_0;
    %pushi/vec4 1, 0, 1;
    %cmp/e;
    %flag_get/vec4 4;
    %load/vec4 v0x56098bd0de50_0;
    %pushi/vec4 0, 0, 1;
    %cmp/e;
    %flag_get/vec4 4;
    %and;
    %flag_set/vec4 8;
    %jmp/0xz  T_8.2, 8;
    %load/vec4 v0x56098bd0e770_0;
    %addi 1, 0, 6;
    %assign/vec4 v0x56098bd0e770_0, 0;
T_8.2 ;
T_8.1 ;
    %jmp T_8;
    .thread T_8;
    .scope S_0x56098bd0d7b0;
T_9 ;
    %wait E_0x56098bcef610;
    %load/vec4 v0x56098bd0e3b0_0;
    %cmpi/e 0, 0, 1;
    %jmp/0xz  T_9.0, 4;
    %pushi/vec4 0, 0, 1;
    %assign/vec4 v0x56098bd0e150_0, 0;
    %jmp T_9.1;
T_9.0 ;
    %load/vec4 v0x56098bd0e2d0_0;
    %pushi/vec4 63, 0, 6;
    %cmp/e;
    %flag_get/vec4 4;
    %load/vec4 v0x56098bd0e090_0;
    %pushi/vec4 1, 0, 1;
    %cmp/e;
    %flag_get/vec4 4;
    %and;
    %load/vec4 v0x56098bd0dd40_0;
    %pushi/vec4 0, 0, 1;
    %cmp/e;
    %flag_get/vec4 4;
    %and;
    %flag_set/vec4 8;
    %jmp/0xz  T_9.2, 8;
    %load/vec4 v0x56098bd0e150_0;
    %addi 1, 0, 1;
    %assign/vec4 v0x56098bd0e150_0, 0;
T_9.2 ;
T_9.1 ;
    %jmp T_9;
    .thread T_9;
    .scope S_0x56098bd0d7b0;
T_10 ;
    %wait E_0x56098bcef610;
    %load/vec4 v0x56098bd0e3b0_0;
    %cmpi/e 0, 0, 1;
    %jmp/0xz  T_10.0, 4;
    %pushi/vec4 0, 0, 1;
    %assign/vec4 v0x56098bd0e5f0_0, 0;
    %jmp T_10.1;
T_10.0 ;
    %load/vec4 v0x56098bd0e770_0;
    %pushi/vec4 63, 0, 6;
    %cmp/e;
    %flag_get/vec4 4;
    %load/vec4 v0x56098bd0e530_0;
    %pushi/vec4 1, 0, 1;
    %cmp/e;
    %flag_get/vec4 4;
    %and;
    %load/vec4 v0x56098bd0de50_0;
    %pushi/vec4 0, 0, 1;
    %cmp/e;
    %flag_get/vec4 4;
    %and;
    %flag_set/vec4 8;
    %jmp/0xz  T_10.2, 8;
    %load/vec4 v0x56098bd0e5f0_0;
    %addi 1, 0, 1;
    %assign/vec4 v0x56098bd0e5f0_0, 0;
T_10.2 ;
T_10.1 ;
    %jmp T_10;
    .thread T_10;
    .scope S_0x56098bd0d7b0;
T_11 ;
    %wait E_0x56098bd0dbf0;
    %load/vec4 v0x56098bd0e530_0;
    %load/vec4 v0x56098bd0de50_0;
    %pushi/vec4 1, 0, 1;
    %cmp/e;
    %flag_get/vec4 4;
    %and;
    %flag_set/vec4 8;
    %jmp/0xz  T_11.0, 8;
    %pushi/vec4 1, 0, 1;
    %assign/vec4 v0x56098bd0dfd0_0, 0;
    %jmp T_11.1;
T_11.0 ;
    %pushi/vec4 0, 0, 1;
    %assign/vec4 v0x56098bd0dfd0_0, 0;
T_11.1 ;
    %jmp T_11;
    .thread T_11, $push;
    .scope S_0x56098bd0d7b0;
T_12 ;
    %wait E_0x56098bd0db90;
    %load/vec4 v0x56098bd0e090_0;
    %load/vec4 v0x56098bd0dd40_0;
    %pushi/vec4 1, 0, 1;
    %cmp/e;
    %flag_get/vec4 4;
    %and;
    %flag_set/vec4 8;
    %jmp/0xz  T_12.0, 8;
    %pushi/vec4 1, 0, 1;
    %assign/vec4 v0x56098bd0e470_0, 0;
    %jmp T_12.1;
T_12.0 ;
    %pushi/vec4 0, 0, 1;
    %assign/vec4 v0x56098bd0e470_0, 0;
T_12.1 ;
    %jmp T_12;
    .thread T_12, $push;
    .scope S_0x56098bd0d7b0;
T_13 ;
    %wait E_0x56098bd0db20;
    %load/vec4 v0x56098bd0e2d0_0;
    %load/vec4 v0x56098bd0e770_0;
    %cmp/e;
    %flag_get/vec4 4;
    %load/vec4 v0x56098bd0e150_0;
    %load/vec4 v0x56098bd0e5f0_0;
    %pushi/vec4 1, 0, 1;
    %cmp/e;
    %flag_get/vec4 4;
    %xor;
    %and;
    %flag_set/vec4 8;
    %jmp/0xz  T_13.0, 8;
    %pushi/vec4 1, 0, 1;
    %assign/vec4 v0x56098bd0de50_0, 0;
    %jmp T_13.1;
T_13.0 ;
    %pushi/vec4 0, 0, 1;
    %assign/vec4 v0x56098bd0de50_0, 0;
T_13.1 ;
    %jmp T_13;
    .thread T_13, $push;
    .scope S_0x56098bd0d7b0;
T_14 ;
    %wait E_0x56098bd0db20;
    %load/vec4 v0x56098bd0e2d0_0;
    %load/vec4 v0x56098bd0e770_0;
    %cmp/e;
    %flag_get/vec4 4;
    %load/vec4 v0x56098bd0e150_0;
    %load/vec4 v0x56098bd0e5f0_0;
    %pushi/vec4 0, 0, 1;
    %cmp/e;
    %flag_get/vec4 4;
    %xor;
    %and;
    %flag_set/vec4 8;
    %jmp/0xz  T_14.0, 8;
    %pushi/vec4 1, 0, 1;
    %assign/vec4 v0x56098bd0dd40_0, 0;
    %jmp T_14.1;
T_14.0 ;
    %pushi/vec4 0, 0, 1;
    %assign/vec4 v0x56098bd0dd40_0, 0;
T_14.1 ;
    %jmp T_14;
    .thread T_14, $push;
    .scope S_0x56098bd0d7b0;
T_15 ;
    %wait E_0x56098bcef610;
    %load/vec4 v0x56098bd0e3b0_0;
    %cmpi/e 0, 0, 1;
    %jmp/0xz  T_15.0, 4;
    %jmp T_15.1;
T_15.0 ;
    %load/vec4 v0x56098bd0e090_0;
    %pushi/vec4 1, 0, 1;
    %cmp/e;
    %flag_get/vec4 4;
    %load/vec4 v0x56098bd0dd40_0;
    %pushi/vec4 0, 0, 1;
    %cmp/e;
    %flag_get/vec4 4;
    %and;
    %flag_set/vec4 8;
    %jmp/0xz  T_15.2, 8;
    %load/vec4 v0x56098bd0e2d0_0;
    %pad/u 8;
    %ix/vec4 4;
    %load/vec4a v0x56098bd0df10, 4;
    %assign/vec4 v0x56098bcb6fb0_0, 0;
T_15.2 ;
    %load/vec4 v0x56098bd0e530_0;
    %pushi/vec4 1, 0, 1;
    %cmp/e;
    %flag_get/vec4 4;
    %load/vec4 v0x56098bd0de50_0;
    %pushi/vec4 0, 0, 1;
    %cmp/e;
    %flag_get/vec4 4;
    %and;
    %flag_set/vec4 8;
    %jmp/0xz  T_15.4, 8;
    %load/vec4 v0x56098bcbd200_0;
    %load/vec4 v0x56098bd0e770_0;
    %pad/u 8;
    %ix/vec4 3;
    %ix/load 4, 0, 0; Constant delay
    %assign/vec4/a/d v0x56098bd0df10, 0, 4;
T_15.4 ;
T_15.1 ;
    %jmp T_15;
    .thread T_15;
    .scope S_0x56098bcb9db0;
T_16 ;
    %pushi/vec4 0, 0, 1;
    %assign/vec4 v0x56098bd0ef80_0, 0;
    %delay 5, 0;
    %pushi/vec4 1, 0, 1;
    %assign/vec4 v0x56098bd0ef80_0, 0;
    %delay 5, 0;
    %jmp T_16;
    .thread T_16;
    .scope S_0x56098bcb9db0;
T_17 ;
    %wait E_0x56098bcef5d0;
    %delay 8, 0;
    %event E_0x56098bcc39d0;
    %jmp T_17;
    .thread T_17;
    .scope S_0x56098bcb9db0;
T_18 ;
    %wait E_0x56098bcef5d0;
    %load/vec4 v0x56098bd0f1b0_0;
    %cmpi/e 0, 0, 1;
    %jmp/0xz  T_18.0, 4;
    %pushi/vec4 1, 0, 1;
    %store/vec4 v0x56098bd0f3f0_0, 0, 1;
    %jmp T_18.1;
T_18.0 ;
    %pushi/vec4 0, 0, 1;
    %store/vec4 v0x56098bd0f3f0_0, 0, 1;
T_18.1 ;
    %delay 1, 0;
    %pushi/vec4 0, 0, 1;
    %store/vec4 v0x56098bd0f560_0, 0, 1;
    %load/vec4 v0x56098bd0ed60_0;
    %cmpi/e 1, 0, 1;
    %jmp/0xz  T_18.2, 4;
    %load/vec4 v0x56098bd0f3f0_0;
    %cmpi/e 1, 0, 1;
    %jmp/0xz  T_18.4, 4;
    %wait E_0x56098bcc39d0;
    %pushi/vec4 1, 0, 1;
    %store/vec4 v0x56098bd0f560_0, 0, 1;
T_18.4 ;
T_18.2 ;
    %jmp T_18;
    .thread T_18;
    .scope S_0x56098bcb9db0;
T_19 ;
    %wait E_0x56098bcef610;
    %load/vec4 v0x56098bd0f830_0;
    %cmpi/e 0, 0, 1;
    %jmp/0xz  T_19.0, 4;
    %pushi/vec4 0, 0, 1;
    %assign/vec4 v0x56098bd0f6d0_0, 0;
    %pushi/vec4 0, 0, 1;
    %assign/vec4 v0x56098bd0f770_0, 0;
    %pushi/vec4 0, 0, 1;
    %assign/vec4 v0x56098bd0ee20_0, 0;
    %pushi/vec4 0, 0, 1;
    %assign/vec4 v0x56098bd0eec0_0, 0;
    %pushi/vec4 1, 0, 1;
    %assign/vec4 v0x56098bd0f280_0, 0;
    %pushi/vec4 0, 0, 7;
    %assign/vec4 v0x56098bd0f9a0_0, 0;
    %jmp T_19.1;
T_19.0 ;
    %load/vec4 v0x56098bd0f560_0;
    %assign/vec4 v0x56098bd0f6d0_0, 0;
    %load/vec4 v0x56098bd0f6d0_0;
    %assign/vec4 v0x56098bd0f770_0, 0;
    %load/vec4 v0x56098bd0ed60_0;
    %assign/vec4 v0x56098bd0ee20_0, 0;
    %load/vec4 v0x56098bd0ee20_0;
    %assign/vec4 v0x56098bd0eec0_0, 0;
    %load/vec4 v0x56098bd0f1b0_0;
    %assign/vec4 v0x56098bd0f280_0, 0;
    %load/vec4 v0x56098bd0eec0_0;
    %cmpi/e 1, 0, 1;
    %jmp/0xz  T_19.2, 4;
    %load/vec4 v0x56098bd0f770_0;
    %pushi/vec4 1, 0, 1;
    %cmp/e;
    %flag_get/vec4 4;
    %load/vec4 v0x56098bd0f280_0;
    %pushi/vec4 0, 0, 1;
    %cmp/e;
    %flag_get/vec4 4;
    %and;
    %flag_set/vec4 8;
    %jmp/0xz  T_19.4, 8;
    %event E_0x56098bcaa9b0;
    %load/vec4 v0x56098bd0f630_0;
    %addi 1, 0, 32;
    %store/vec4 v0x56098bd0f630_0, 0, 32;
    %load/vec4 v0x56098bd0f110_0;
    %load/vec4 v0x56098bd0f9a0_0;
    %pad/u 9;
    %ix/vec4 4;
    %load/vec4a v0x56098bd0f900, 4;
    %cmp/ne;
    %jmp/0xz  T_19.6, 6;
    %load/vec4 v0x56098bd0f9a0_0;
    %pad/u 9;
    %ix/vec4 4;
    %load/vec4a v0x56098bd0f900, 4;
    %vpi_call 3 145 "$display", "At time %0t: ERROR: Data read error, expected 0x%h received 0x%h\012", $time, S<0,vec4,u16>, v0x56098bd0f110_0 {1 0 0};
    %event E_0x56098bcef410;
T_19.6 ;
    %load/vec4 v0x56098bd0f9a0_0;
    %cmpi/e 127, 0, 7;
    %jmp/0xz  T_19.8, 4;
    %pushi/vec4 0, 0, 7;
    %store/vec4 v0x56098bd0f9a0_0, 0, 7;
    %jmp T_19.9;
T_19.8 ;
    %load/vec4 v0x56098bd0f9a0_0;
    %addi 1, 0, 7;
    %store/vec4 v0x56098bd0f9a0_0, 0, 7;
T_19.9 ;
T_19.4 ;
T_19.2 ;
T_19.1 ;
    %jmp T_19;
    .thread T_19;
    .scope S_0x56098bcb9db0;
T_20 ;
    %pushi/vec4 0, 0, 7;
    %store/vec4 v0x56098bd0fb60_0, 0, 7;
    %pushi/vec4 0, 0, 8;
    %store/vec4 v0x56098bd0fa80_0, 0, 8;
    %end;
    .thread T_20;
    .scope S_0x56098bcb9db0;
T_21 ;
    %wait E_0x56098bcef610;
    %load/vec4 v0x56098bd0f830_0;
    %cmpi/e 0, 0, 1;
    %jmp/0xz  T_21.0, 4;
    %pushi/vec4 0, 0, 7;
    %assign/vec4 v0x56098bd0fb60_0, 0;
    %pushi/vec4 0, 0, 8;
    %assign/vec4 v0x56098bd0fa80_0, 0;
    %jmp T_21.1;
T_21.0 ;
    %load/vec4 v0x56098bd0fd10_0;
    %pushi/vec4 1, 0, 1;
    %cmp/e;
    %flag_get/vec4 4;
    %load/vec4 v0x56098bd0f560_0;
    %pushi/vec4 0, 0, 1;
    %cmp/e;
    %flag_get/vec4 4;
    %and;
    %flag_set/vec4 8;
    %jmp/0xz  T_21.2, 8;
    %load/vec4 v0x56098bd0fa80_0;
    %addi 1, 0, 8;
    %assign/vec4 v0x56098bd0fa80_0, 0;
    %jmp T_21.3;
T_21.2 ;
    %load/vec4 v0x56098bd0fd10_0;
    %pushi/vec4 0, 0, 1;
    %cmp/e;
    %flag_get/vec4 4;
    %load/vec4 v0x56098bd0f560_0;
    %pushi/vec4 1, 0, 1;
    %cmp/e;
    %flag_get/vec4 4;
    %and;
    %flag_set/vec4 8;
    %jmp/0xz  T_21.4, 8;
    %load/vec4 v0x56098bd0fa80_0;
    %subi 1, 0, 8;
    %assign/vec4 v0x56098bd0fa80_0, 0;
    %jmp T_21.5;
T_21.4 ;
    %load/vec4 v0x56098bd0fa80_0;
    %assign/vec4 v0x56098bd0fa80_0, 0;
T_21.5 ;
T_21.3 ;
T_21.1 ;
    %jmp T_21;
    .thread T_21;
# The file index is used to find the file name in the following table.
:file_names 7;
    "N/A";
    "<interactive>";
    "/home/kali/GOALS/fifo/sim/sfifo_rw_tst.v";
    "/home/kali/GOALS/fifo/sim/sfifo_sim.v";
    "./../sim/sfifo_timing_params.v";
    "./../sim/sfifo_simtasks.v";
    "/home/kali/GOALS/fifo/sim/sfifo.v";
